<?xml version="1.0" encoding="UTF-8"?>
<!-- Generated by org.testng.reporters.JUnitXMLReporter -->
<testsuite hostname="PUNE5CG84507HS" ignored="0" name="Default test" tests="3" failures="0" timestamp="20 Oct 2019 08:08:10 GMT" time="52.212" errors="0">
  <testcase name="SearchProductTest" time="3.364" classname="com.seleniumcpsatchallenge.qa.problemstatements.ProblemStatementWoodlandWorldWide"/>
  <testcase name="SearchProductTest" time="5.013" classname="com.seleniumcpsatchallenge.qa.problemstatements.ProblemStatementWoodlandWorldWide"/>
  <testcase name="SearchProductTest" time="5.022" classname="com.seleniumcpsatchallenge.qa.problemstatements.ProblemStatementWoodlandWorldWide"/>
</testsuite> <!-- Default test -->
