<?xml version="1.0" encoding="UTF-8"?>
<testng-results skipped="0" failed="0" ignored="0" total="3" passed="3">
  <reporter-output>
  </reporter-output>
  <suite name="Default suite" duration-ms="52212" started-at="2019-10-20T08:07:18Z" finished-at="2019-10-20T08:08:10Z">
    <groups>
    </groups>
    <test name="Default test" duration-ms="52212" started-at="2019-10-20T08:07:18Z" finished-at="2019-10-20T08:08:10Z">
      <class name="com.seleniumcpsatchallenge.qa.problemstatements.ProblemStatementWoodlandWorldWide">
        <test-method status="PASS" signature="setUp()[pri:0, instance:com.seleniumcpsatchallenge.qa.problemstatements.ProblemStatementWoodlandWorldWide@4883b407]" name="setUp" is-config="true" duration-ms="8586" started-at="2019-10-20T13:37:19Z" finished-at="2019-10-20T13:37:27Z">
          <reporter-output>
          </reporter-output>
        </test-method> <!-- setUp -->
        <test-method status="PASS" signature="SearchProductTest(java.lang.String)[pri:1, instance:com.seleniumcpsatchallenge.qa.problemstatements.ProblemStatementWoodlandWorldWide@4883b407]" name="SearchProductTest" duration-ms="3364" started-at="2019-10-20T13:37:27Z" data-provider="getProductTestData" finished-at="2019-10-20T13:37:31Z">
          <params>
            <param index="0">
              <value>
                <![CDATA[Bags]]>
              </value>
            </param>
          </params>
          <reporter-output>
          </reporter-output>
        </test-method> <!-- SearchProductTest -->
        <test-method status="PASS" signature="tearDown()[pri:0, instance:com.seleniumcpsatchallenge.qa.problemstatements.ProblemStatementWoodlandWorldWide@4883b407]" name="tearDown" is-config="true" duration-ms="4807" started-at="2019-10-20T13:37:31Z" finished-at="2019-10-20T13:37:35Z">
          <reporter-output>
          </reporter-output>
        </test-method> <!-- tearDown -->
        <test-method status="PASS" signature="setUp()[pri:0, instance:com.seleniumcpsatchallenge.qa.problemstatements.ProblemStatementWoodlandWorldWide@4883b407]" name="setUp" is-config="true" duration-ms="9504" started-at="2019-10-20T13:37:35Z" finished-at="2019-10-20T13:37:45Z">
          <reporter-output>
          </reporter-output>
        </test-method> <!-- setUp -->
        <test-method status="PASS" signature="SearchProductTest(java.lang.String)[pri:1, instance:com.seleniumcpsatchallenge.qa.problemstatements.ProblemStatementWoodlandWorldWide@4883b407]" name="SearchProductTest" duration-ms="5013" started-at="2019-10-20T13:37:45Z" data-provider="getProductTestData" finished-at="2019-10-20T13:37:50Z">
          <params>
            <param index="0">
              <value>
                <![CDATA[Shoes]]>
              </value>
            </param>
          </params>
          <reporter-output>
          </reporter-output>
        </test-method> <!-- SearchProductTest -->
        <test-method status="PASS" signature="tearDown()[pri:0, instance:com.seleniumcpsatchallenge.qa.problemstatements.ProblemStatementWoodlandWorldWide@4883b407]" name="tearDown" is-config="true" duration-ms="3890" started-at="2019-10-20T13:37:50Z" finished-at="2019-10-20T13:37:54Z">
          <reporter-output>
          </reporter-output>
        </test-method> <!-- tearDown -->
        <test-method status="PASS" signature="setUp()[pri:0, instance:com.seleniumcpsatchallenge.qa.problemstatements.ProblemStatementWoodlandWorldWide@4883b407]" name="setUp" is-config="true" duration-ms="7116" started-at="2019-10-20T13:37:54Z" finished-at="2019-10-20T13:38:01Z">
          <reporter-output>
          </reporter-output>
        </test-method> <!-- setUp -->
        <test-method status="PASS" signature="SearchProductTest(java.lang.String)[pri:1, instance:com.seleniumcpsatchallenge.qa.problemstatements.ProblemStatementWoodlandWorldWide@4883b407]" name="SearchProductTest" duration-ms="5022" started-at="2019-10-20T13:38:01Z" data-provider="getProductTestData" finished-at="2019-10-20T13:38:06Z">
          <params>
            <param index="0">
              <value>
                <![CDATA[Tshirts]]>
              </value>
            </param>
          </params>
          <reporter-output>
          </reporter-output>
        </test-method> <!-- SearchProductTest -->
        <test-method status="PASS" signature="tearDown()[pri:0, instance:com.seleniumcpsatchallenge.qa.problemstatements.ProblemStatementWoodlandWorldWide@4883b407]" name="tearDown" is-config="true" duration-ms="3949" started-at="2019-10-20T13:38:06Z" finished-at="2019-10-20T13:38:10Z">
          <reporter-output>
          </reporter-output>
        </test-method> <!-- tearDown -->
      </class> <!-- com.seleniumcpsatchallenge.qa.problemstatements.ProblemStatementWoodlandWorldWide -->
    </test> <!-- Default test -->
  </suite> <!-- Default suite -->
</testng-results>
